
Local case configuration:

  Date:                Sun 10 Sep 2023 10:58:08 PM -03
  System:              Linux 4.18.0-372.9.1.el8.x86_64 (Jñý)
  Machine:             n-19
  Processor:           model name	: Intel(R) Xeon(R) Gold 6226R CPU @ 2.90GHz
  Memory:              64060 MB
  Directory:           /home/finzeo/Tesis/Simulaciones/GTS_Storms/02_Refined_case/RESU/r08_m42_SOLU051
  MPI ranks:           128
  MPI ranks per node:  32
  OpenMP threads:      1
  Processors/node:     1

  Compilers used for build:
    C compiler:        gcc (GCC) 10.3.0
    C++ compiler:      g++ (GCC) 10.3.0
    Fortran compiler:  GNU Fortran (GCC) 10.3.0

  MPI version: 3.1 (Open MPI 4.1.1)
  OpenMP version: 4.5

  External libraries:
    METIS
    PT-SCOTCH 6.1.2

  I/O read method:     collective MPI-IO (explicit offsets)
  I/O write method:    collective MPI-IO (explicit offsets)
  I/O rank step:        4

--------------------------------------------------------------------------------

Partitioning:

  preparing graph:            11.3 s
  METIS_PartGraphKway:        38.6 s
  wall clock time:            51.7 s

--------------------------------------------------------------------------------

Halo creation times summary

  Interface creation:                        0.762 s
  Halo creation:                             0.262 s

  Total time for halo creation:              1.02 s

--------------------------------------------------------------------------------

Total elapsed time for all gradient computations:  206.637 s

Summary of gradient computations for "[cell mass flux divergence update]":

  Reconstruction type:   Green-Gauss, least-squares gradient face values
  Number of calls:       125
  Total elapsed time:    36.158

Summary of gradient computations for "[face mass flux update]":

  Reconstruction type:   Green-Gauss, least-squares gradient face values
  Number of calls:       50
  Total elapsed time:    14.564

Summary of gradient computations for "[momentum]":

  Reconstruction type:   Green-Gauss, least-squares gradient face values
  Number of calls:       25
  Total elapsed time:    12.185

Summary of gradient computations for "[scalar convection-diffusion]":

  Reconstruction type:   Green-Gauss, least-squares gradient face values
  Number of calls:       2
  Total elapsed time:    0.451

Summary of gradient computations for "k":

  Reconstruction type:   Green-Gauss, least-squares gradient face values
  Number of calls:       100
  Total elapsed time:    22.370

Summary of gradient computations for "omega":

  Reconstruction type:   Green-Gauss, least-squares gradient face values
  Number of calls:       75
  Total elapsed time:    16.750

Summary of gradient computations for "pressure":

  Reconstruction type:   Green-Gauss, least-squares gradient face values
  Number of calls:       100
  Total elapsed time:    29.642

Summary of gradient computations for "pressure_increment":

  Reconstruction type:   Green-Gauss, least-squares gradient face values
  Number of calls:       25
  Total elapsed time:    7.530

Summary of gradient computations for "velocity":

  Reconstruction type:   Green-Gauss, least-squares gradient face values
  Number of calls:       125
  Total elapsed time:    60.388

Summary of gradient computations for "wall_distance":

  Reconstruction type:   Green-Gauss, least-squares gradient face values
  Number of calls:       30
  Total elapsed time:    6.598

--------------------------------------------------------------------------------

Total elapsed time for linear equation system solvers:  604.907 s

Linear solver performance for fields
------------------------------------

Summary of resolutions for "Velocity" (field id 0)

  Solver type:                   Symmetric Gauss-Seidel
  Number of setups:                        25
  Number of calls:                         25
  Minimum number of iterations:            14
  Maximum number of iterations:           100
  Mean number of iterations:               32
  Total setup time:                     1.468
  Total solution time:                 99.311

  Backup solver type:            GMRES
  Number of calls:                          1
  Minimum number of iterations:           103
  Maximum number of iterations:           103
  Mean number of iterations:              103
  Total solution time:                 44.510

Summary of resolutions for "Pressure" (field id 1)

  Solver type:                   Flexible Conjugate Gradient
  Preconditioning:               Multigrid
  Number of setups:                        25
  Number of calls:                         50
  Minimum number of iterations:            11
  Maximum number of iterations:            59
  Mean number of iterations:               22
  Total setup time:                    21.816
  Total solution time:                370.889

  Multigrid:
    V-cycle
    Coarsening: default
    Smoother: Symmetric Gauss-Seidel
    Coarsest level solver:       Conjugate Gradient

                                               mean      minimum      maximum
  Number of levels:                               9            9            9
  Number of cycles:                               1            1            2

                                                           calls         time
  Construction:                                               25       41.773
  Resolution:                                               1170      302.817

                                               mean      minimum      maximum
  Grid level 0:
    Number of rows:                        68319404     68319404     68319404
    Number of active ranks:                     128          128          128
    Mean local rows:                         531483       531483       531483
    Mean local columns + ghosts:             546824       546824       546824
    Mean local entries:                     3725610      3725610      3725610
    Rows imbalance:                           0.026        0.026        0.026
    Columns + ghosts imbalance:               0.051        0.051        0.051
    entries imbalance                         0.029        0.029        0.029
    Descent smoother iterations:                  1            1            1
  Grid level 1:
    Number of rows:                        22900913     22900913     22900913
    Number of active ranks:                     128          128          128
    Mean local rows:                         178974       178974       178974
    Mean local columns + ghosts:             185087       185087       185087
    Mean local entries:                     1398731      1398731      1398731
    Rows imbalance:                           0.059        0.059        0.059
    Columns + ghosts imbalance:               0.105        0.105        0.105
    entries imbalance                         0.171        0.171        0.171
    Descent smoother iterations:                  1            1            1
    Ascent smoother iterations:                   1            1            1
  Grid level 2:
    Number of rows:                         7616349      7616349      7616349
    Number of active ranks:                     128          128          128
    Mean local rows:                          59361        59361        59361
    Mean local columns + ghosts:              62067        62067        62067
    Mean local entries:                      522403       522403       522403
    Rows imbalance:                           0.071        0.071        0.071
    Columns + ghosts imbalance:               0.114        0.114        0.114
    entries imbalance                         0.357        0.357        0.357
    Descent smoother iterations:                  1            1            1
    Ascent smoother iterations:                   1            1            1
  Grid level 3:
    Number of rows:                         2401742      2401742      2401742
    Number of active ranks:                     128          128          128
    Mean local rows:                          18407        18407        18407
    Mean local columns + ghosts:              19741        19741        19741
    Mean local entries:                      205626       205626       205626
    Rows imbalance:                           0.311        0.311        0.311
    Columns + ghosts imbalance:               0.313        0.313        0.313
    entries imbalance                         0.334        0.334        0.334
    Descent smoother iterations:                  1            1            1
    Ascent smoother iterations:                   1            1            1
  Grid level 4:
    Number of rows:                          867625       867625       867625
    Number of active ranks:                     128          128          128
    Mean local rows:                           7325         7325         7325
    Mean local columns + ghosts:               8044         8044         8044
    Mean local entries:                       81616        81616        81616
    Rows imbalance:                           0.306        0.306        0.306
    Columns + ghosts imbalance:               0.234        0.234        0.234
    entries imbalance                         0.324        0.324        0.324
    Descent smoother iterations:                  1            1            1
    Ascent smoother iterations:                   1            1            1
  Grid level 5:
    Number of rows:                          359526       359526       359526
    Number of active ranks:                     128          128          128
    Mean local rows:                           3535         3535         3535
    Mean local columns + ghosts:               3958         3958         3958
    Mean local entries:                       34701        34701        34701
    Rows imbalance:                           0.704        0.704        0.704
    Columns + ghosts imbalance:               0.550        0.550        0.550
    entries imbalance                         0.285        0.285        0.285
    Descent smoother iterations:                  1            1            1
    Ascent smoother iterations:                   1            1            1
  Grid level 6:
    Number of rows:                          177595       177595       177595
    Number of active ranks:                     128          128          128
    Mean local rows:                           2053         2053         2053
    Mean local columns + ghosts:               2314         2314         2314
    Mean local entries:                       16400        16400        16400
    Rows imbalance:                           1.314        1.314        1.314
    Columns + ghosts imbalance:               1.013        1.013        1.013
    entries imbalance                         0.631        0.631        0.631
    Descent smoother iterations:                  1            1            1
    Ascent smoother iterations:                   1            1            1
  Grid level 7:
    Number of rows:                          111756       111756       111756
    Number of active ranks:                     128          128          128
    Mean local rows:                           1465         1465         1465
    Mean local columns + ghosts:               1645         1645         1645
    Mean local entries:                        9282         9282         9282
    Rows imbalance:                           1.991        1.991        1.991
    Columns + ghosts imbalance:               1.540        1.540        1.540
    entries imbalance                         1.213        1.213        1.213
    Descent smoother iterations:                  1            1            1
    Ascent smoother iterations:                   1            1            1
  Grid level 8:
    Number of rows:                           87904        87904        87904
    Number of active ranks:                     128          128          128
    Mean local rows:                           1239         1239         1239
    Mean local columns + ghosts:               1376         1376         1376
    Mean local entries:                        6488         6488         6488
    Rows imbalance:                           2.455        2.455        2.455
    Columns + ghosts imbalance:               1.943        1.943        1.943
    entries imbalance                         1.829        1.829        1.829
    Iterations for solving:                     431            8          500
                                                           calls         time
  Grid level 0:
    build:                                                    25        1.763
    descent smoothe:                                        2238      187.163
    restrict:                                               1068        4.590
    prolong:                                                1068       10.011
  Grid level 1:
    build:                                                    25       11.938
    descent smoothe:                                        1068       29.195
    ascent smoothe:                                         1068       19.394
    restrict:                                               1068        1.124
    prolong:                                                1068        2.624
  Grid level 2:
    build:                                                    25        4.540
    descent smoothe:                                        1068       10.058
    ascent smoothe:                                         1068        7.028
    restrict:                                               1068        0.169
    prolong:                                                1068        0.470
  Grid level 3:
    build:                                                    25        1.955
    descent smoothe:                                        1068        3.491
    ascent smoothe:                                         1068        2.476
    restrict:                                               1068        0.055
    prolong:                                                1068        0.088
  Grid level 4:
    build:                                                    25        0.609
    descent smoothe:                                        1068        1.440
    ascent smoothe:                                         1068        0.558
    restrict:                                               1068        0.020
    prolong:                                                1068        0.011
  Grid level 5:
    build:                                                    25        0.215
    descent smoothe:                                        1068        0.593
    ascent smoothe:                                         1068        0.245
    restrict:                                               1068        0.011
    prolong:                                                1068        0.006
  Grid level 6:
    build:                                                    25        0.092
    descent smoothe:                                        1068        0.267
    ascent smoothe:                                         1068        0.094
    restrict:                                               1068        0.008
    prolong:                                                1068        0.003
  Grid level 7:
    build:                                                    25        0.062
    descent smoothe:                                        1068        0.133
    ascent smoothe:                                         1068        0.045
    restrict:                                               1068        0.006
    prolong:                                                1068        0.004
  Grid level 8:
    build:                                                    25        0.099
    solve:                                                  1068       21.386

Summary of resolutions for "k" (field id 2)

  Solver type:                   Symmetric Gauss-Seidel
  Number of setups:                        25
  Number of calls:                         25
  Minimum number of iterations:             3
  Maximum number of iterations:            58
  Mean number of iterations:               28
  Total setup time:                     0.176
  Total solution time:                 37.165

Summary of resolutions for "omega" (field id 3)

  Solver type:                   Symmetric Gauss-Seidel
  Number of setups:                        25
  Number of calls:                         25
  Minimum number of iterations:             1
  Maximum number of iterations:            48
  Mean number of iterations:                7
  Total setup time:                     0.177
  Total solution time:                  9.345

Summary of resolutions for "Wall distance" (field id 18)

  Solver type:                   Flexible Conjugate Gradient
  Preconditioning:               Multigrid
  Number of setups:                         1
  Number of calls:                          2
  Minimum number of iterations:             9
  Maximum number of iterations:            15
  Mean number of iterations:               12
  Total setup time:                     0.962
  Total solution time:                 19.595

  Multigrid:
    V-cycle
    Coarsening: default
    Smoother: Symmetric Gauss-Seidel
    Coarsest level solver:       Conjugate Gradient

                                               mean      minimum      maximum
  Number of levels:                               5            5            5
  Number of cycles:                               1            1            2

                                                           calls         time
  Construction:                                                1        1.821
  Resolution:                                                 26       18.080

                                               mean      minimum      maximum
  Grid level 0:
    Number of rows:                        68319404     68319404     68319404
    Number of active ranks:                     128          128          128
    Mean local rows:                         531483       531483       531483
    Mean local columns + ghosts:             546824       546824       546824
    Mean local entries:                     3725610      3725610      3725610
    Rows imbalance:                           0.026        0.026        0.026
    Columns + ghosts imbalance:               0.051        0.051        0.051
    entries imbalance                         0.029        0.029        0.029
    Descent smoother iterations:                  1            1            1
  Grid level 1:
    Number of rows:                        22901081     22901081     22901081
    Number of active ranks:                     128          128          128
    Mean local rows:                         178980       178980       178980
    Mean local columns + ghosts:             185093       185093       185093
    Mean local entries:                     1398779      1398779      1398779
    Rows imbalance:                           0.059        0.059        0.059
    Columns + ghosts imbalance:               0.105        0.105        0.105
    entries imbalance                         0.171        0.171        0.171
    Descent smoother iterations:                  1            1            1
    Ascent smoother iterations:                   1            1            1
  Grid level 2:
    Number of rows:                         7616589      7616589      7616589
    Number of active ranks:                     128          128          128
    Mean local rows:                          59518        59518        59518
    Mean local columns + ghosts:              62224        62224        62224
    Mean local entries:                      523410       523410       523410
    Rows imbalance:                           0.071        0.071        0.071
    Columns + ghosts imbalance:               0.114        0.114        0.114
    entries imbalance                         0.356        0.356        0.356
    Descent smoother iterations:                  1            1            1
    Ascent smoother iterations:                   1            1            1
  Grid level 3:
    Number of rows:                         4540260      4540260      4540260
    Number of active ranks:                     128          128          128
    Mean local rows:                          40294        40294        40294
    Mean local columns + ghosts:              42031        42031        42031
    Mean local entries:                      342820       342820       342820
    Rows imbalance:                           0.186        0.186        0.186
    Columns + ghosts imbalance:               0.160        0.160        0.160
    entries imbalance                         0.195        0.195        0.195
    Descent smoother iterations:                  1            1            1
    Ascent smoother iterations:                   1            1            1
  Grid level 4:
    Number of rows:                         3532785      3532785      3532785
    Number of active ranks:                     128          128          128
    Mean local rows:                          34152        34152        34152
    Mean local columns + ghosts:              35464        35464        35464
    Mean local entries:                      267850       267850       267850
    Rows imbalance:                           0.321        0.321        0.321
    Columns + ghosts imbalance:               0.298        0.298        0.298
    entries imbalance                         0.321        0.321        0.321
    Iterations for solving:                     370           23          500
                                                           calls         time
  Grid level 0:
    build:                                                     1        0.010
    descent smoothe:                                          48        3.983
    restrict:                                                 22        0.095
    prolong:                                                  22        0.201
  Grid level 1:
    build:                                                     1        0.480
    descent smoothe:                                          22        0.594
    ascent smoothe:                                           22        0.404
    restrict:                                                 22        0.022
    prolong:                                                  22        0.054
  Grid level 2:
    build:                                                     1        0.182
    descent smoothe:                                          22        0.213
    ascent smoothe:                                           22        0.126
    restrict:                                                 22        0.005
    prolong:                                                  22        0.010
  Grid level 3:
    build:                                                     1        0.086
    descent smoothe:                                          22        0.128
    ascent smoothe:                                           22        0.087
    restrict:                                                 22        0.003
    prolong:                                                  22        0.008
  Grid level 4:
    build:                                                     1        0.099
    solve:                                                    22       12.146

--------------------------------------------------------------------------------

Total elapsed time for controller:  0.000 s

Mesh entity selections by criteria statistics:

  entity type     evaluations          time
  -----------------------------------------
  cells                     0       0.00000
  interior faces            0       0.00000
  boundary faces           83       0.01216

--------------------------------------------------------------------------------

Writing of "results" (EnSight Gold) summary:

  Elapsed time for meshes:                 4.795
  Elapsed time for variables:              9.531
  Elapsed time forcing output:             0.000

Writing of "" (plot) summary:

  Elapsed time for meshes:                 0.000
  Elapsed time for variables:              0.009
  Elapsed time forcing output:             0.005

--------------------------------------------------------------------------------

All-to-many operations: (MPI_Alltoall and MPI_Alltoallv):

                             mean        minimum      maximum     calls
  Total:                 75.44522 s     25.62731     87.31137 s   329
  Metadata exchange:     56.48138 s      4.71956     65.81723 s   133
  Data exchange:         10.65876 s      6.84230     12.89190 s   195

--------------------------------------------------------------------------------

code_saturne IO files read:

  mesh_input.csm
    global:      0.16071 s,        2.014 KiB
    local:       3.72522 s,       11.919 GiB
    open:        3.75397 s, 2 open(s)

code_saturne IO files written:

  checkpoint/auxiliary.csc
    global:      2.67942 s,        5.609 KiB
    local:       6.91350 s,        5.176 GiB
    open:        7.56424 s, 1 open(s)
  checkpoint/main.csc
    global:      0.77719 s,        3.307 KiB
    local:       4.96040 s,        3.563 GiB
    open:        5.21401 s, 1 open(s)
  mesh_output.csm
    global:      9.40034 s,        2.625 KiB
    local:      18.81443 s,       13.507 GiB
    open:       20.15897 s, 1 open(s)
  partition_output/domain_number_128
    global:      0.39702 s,        0.500 KiB
    local:       0.40001 s,      260.618 MiB
    open:        0.40563 s, 1 open(s)

--------------------------------------------------------------------------------

Calculation time summary:

  User CPU time:            994.058 s
  System CPU time:           55.852 s
  Total CPU time:        138533.447 s

  Elapsed time:            1090.128 s
  CPU / elapsed time          0.963

--------------------------------------------------------------------------------

Memory use summary:

  Total memory used:                             201.622 GiB
                             local minimum:        1.423 GiB  (rank 31)
                             local maximum:       11.218 GiB  (rank 0)
  Virtual memory used:                     
                             local minimum:        1.851 GiB  (rank 9)
                             local maximum:       12.626 GiB  (rank 0)
  Shared libraries memory used:            
                             local minimum:       37.219 MiB  (rank 1)
                             local maximum:       37.852 MiB  (rank 32)

--------------------------------------------------------------------------------
