
Local case configuration:

  Date:                Sun 10 Sep 2023 09:48:44 PM -03
  System:              Linux 4.18.0-372.9.1.el8.x86_64 (“¨ü)
  Machine:             n-19
  Processor:           model name	: Intel(R) Xeon(R) Gold 6226R CPU @ 2.90GHz
  Memory:              64060 MB
  Directory:           /home/finzeo/Tesis/Simulaciones/GTS_Storms/02_Refined_case/RESU/r08_m42_SOLU07
  MPI ranks:           128
  MPI ranks per node:  32
  OpenMP threads:      1
  Processors/node:     1

  Compilers used for build:
    C compiler:        gcc (GCC) 10.3.0
    C++ compiler:      g++ (GCC) 10.3.0
    Fortran compiler:  GNU Fortran (GCC) 10.3.0

  MPI version: 3.1 (Open MPI 4.1.1)
  OpenMP version: 4.5

  External libraries:
    METIS
    PT-SCOTCH 6.1.2

  I/O read method:     collective MPI-IO (explicit offsets)
  I/O write method:    collective MPI-IO (explicit offsets)
  I/O rank step:        4

--------------------------------------------------------------------------------

Partitioning:

  preparing graph:            11.1 s
  METIS_PartGraphKway:        38.4 s
  wall clock time:            51.3 s

--------------------------------------------------------------------------------

Halo creation times summary

  Interface creation:                        0.712 s
  Halo creation:                             0.261 s

  Total time for halo creation:              0.973 s

--------------------------------------------------------------------------------

Total elapsed time for all gradient computations:  108.018 s

Summary of gradient computations for "[cell mass flux divergence update]":

  Reconstruction type:   Green-Gauss, least-squares gradient face values
  Number of calls:       65
  Total elapsed time:    18.799

Summary of gradient computations for "[face mass flux update]":

  Reconstruction type:   Green-Gauss, least-squares gradient face values
  Number of calls:       26
  Total elapsed time:    7.562

Summary of gradient computations for "[momentum]":

  Reconstruction type:   Green-Gauss, least-squares gradient face values
  Number of calls:       13
  Total elapsed time:    6.295

Summary of gradient computations for "[scalar convection-diffusion]":

  Reconstruction type:   Green-Gauss, least-squares gradient face values
  Number of calls:       2
  Total elapsed time:    0.441

Summary of gradient computations for "k":

  Reconstruction type:   Green-Gauss, least-squares gradient face values
  Number of calls:       52
  Total elapsed time:    11.608

Summary of gradient computations for "omega":

  Reconstruction type:   Green-Gauss, least-squares gradient face values
  Number of calls:       39
  Total elapsed time:    8.685

Summary of gradient computations for "pressure":

  Reconstruction type:   Green-Gauss, least-squares gradient face values
  Number of calls:       52
  Total elapsed time:    15.375

Summary of gradient computations for "pressure_increment":

  Reconstruction type:   Green-Gauss, least-squares gradient face values
  Number of calls:       13
  Total elapsed time:    3.899

Summary of gradient computations for "velocity":

  Reconstruction type:   Green-Gauss, least-squares gradient face values
  Number of calls:       65
  Total elapsed time:    31.356

Summary of gradient computations for "wall_distance":

  Reconstruction type:   Green-Gauss, least-squares gradient face values
  Number of calls:       18
  Total elapsed time:    3.997

--------------------------------------------------------------------------------

Total elapsed time for linear equation system solvers:  387.071 s

Linear solver performance for fields
------------------------------------

Summary of resolutions for "Velocity" (field id 0)

  Solver type:                   Symmetric Gauss-Seidel
  Number of setups:                        13
  Number of calls:                         13
  Minimum number of iterations:            15
  Maximum number of iterations:           100
  Mean number of iterations:               34
  Total setup time:                     0.766
  Total solution time:                 55.111

  Backup solver type:            GMRES
  Number of calls:                          1
  Minimum number of iterations:           103
  Maximum number of iterations:           103
  Mean number of iterations:              103
  Total solution time:                 44.644

Summary of resolutions for "Pressure" (field id 1)

  Solver type:                   Flexible Conjugate Gradient
  Preconditioning:               Multigrid
  Number of setups:                        13
  Number of calls:                         26
  Minimum number of iterations:            14
  Maximum number of iterations:            59
  Mean number of iterations:               27
  Total setup time:                    11.320
  Total solution time:                233.246

  Multigrid:
    V-cycle
    Coarsening: default
    Smoother: Symmetric Gauss-Seidel
    Coarsest level solver:       Conjugate Gradient

                                               mean      minimum      maximum
  Number of levels:                               9            9            9
  Number of cycles:                               1            1            2

                                                           calls         time
  Construction:                                               13       21.667
  Resolution:                                                736      190.381

                                               mean      minimum      maximum
  Grid level 0:
    Number of rows:                        68319404     68319404     68319404
    Number of active ranks:                     128          128          128
    Mean local rows:                         531483       531483       531483
    Mean local columns + ghosts:             546824       546824       546824
    Mean local entries:                     3725610      3725610      3725610
    Rows imbalance:                           0.026        0.026        0.026
    Columns + ghosts imbalance:               0.051        0.051        0.051
    entries imbalance                         0.029        0.029        0.029
    Descent smoother iterations:                  1            1            1
  Grid level 1:
    Number of rows:                        22900913     22900913     22900913
    Number of active ranks:                     128          128          128
    Mean local rows:                         178974       178974       178974
    Mean local columns + ghosts:             185087       185087       185087
    Mean local entries:                     1398731      1398731      1398731
    Rows imbalance:                           0.059        0.059        0.059
    Columns + ghosts imbalance:               0.105        0.105        0.105
    entries imbalance                         0.171        0.171        0.171
    Descent smoother iterations:                  1            1            1
    Ascent smoother iterations:                   1            1            1
  Grid level 2:
    Number of rows:                         7616349      7616349      7616349
    Number of active ranks:                     128          128          128
    Mean local rows:                          59361        59361        59361
    Mean local columns + ghosts:              62067        62067        62067
    Mean local entries:                      522403       522403       522403
    Rows imbalance:                           0.071        0.071        0.071
    Columns + ghosts imbalance:               0.114        0.114        0.114
    entries imbalance                         0.357        0.357        0.357
    Descent smoother iterations:                  1            1            1
    Ascent smoother iterations:                   1            1            1
  Grid level 3:
    Number of rows:                         2401742      2401742      2401742
    Number of active ranks:                     128          128          128
    Mean local rows:                          18407        18407        18407
    Mean local columns + ghosts:              19741        19741        19741
    Mean local entries:                      205626       205626       205626
    Rows imbalance:                           0.311        0.311        0.311
    Columns + ghosts imbalance:               0.313        0.313        0.313
    entries imbalance                         0.334        0.334        0.334
    Descent smoother iterations:                  1            1            1
    Ascent smoother iterations:                   1            1            1
  Grid level 4:
    Number of rows:                          867625       867625       867625
    Number of active ranks:                     128          128          128
    Mean local rows:                           7325         7325         7325
    Mean local columns + ghosts:               8044         8044         8044
    Mean local entries:                       81616        81616        81616
    Rows imbalance:                           0.306        0.306        0.306
    Columns + ghosts imbalance:               0.234        0.234        0.234
    entries imbalance                         0.324        0.324        0.324
    Descent smoother iterations:                  1            1            1
    Ascent smoother iterations:                   1            1            1
  Grid level 5:
    Number of rows:                          359526       359526       359526
    Number of active ranks:                     128          128          128
    Mean local rows:                           3535         3535         3535
    Mean local columns + ghosts:               3958         3958         3958
    Mean local entries:                       34701        34701        34701
    Rows imbalance:                           0.704        0.704        0.704
    Columns + ghosts imbalance:               0.550        0.550        0.550
    entries imbalance                         0.285        0.285        0.285
    Descent smoother iterations:                  1            1            1
    Ascent smoother iterations:                   1            1            1
  Grid level 6:
    Number of rows:                          177595       177595       177595
    Number of active ranks:                     128          128          128
    Mean local rows:                           2053         2053         2053
    Mean local columns + ghosts:               2314         2314         2314
    Mean local entries:                       16400        16400        16400
    Rows imbalance:                           1.314        1.314        1.314
    Columns + ghosts imbalance:               1.013        1.013        1.013
    entries imbalance                         0.631        0.631        0.631
    Descent smoother iterations:                  1            1            1
    Ascent smoother iterations:                   1            1            1
  Grid level 7:
    Number of rows:                          111756       111756       111756
    Number of active ranks:                     128          128          128
    Mean local rows:                           1465         1465         1465
    Mean local columns + ghosts:               1645         1645         1645
    Mean local entries:                        9282         9282         9282
    Rows imbalance:                           1.991        1.991        1.991
    Columns + ghosts imbalance:               1.540        1.540        1.540
    entries imbalance                         1.213        1.213        1.213
    Descent smoother iterations:                  1            1            1
    Ascent smoother iterations:                   1            1            1
  Grid level 8:
    Number of rows:                           87904        87904        87904
    Number of active ranks:                     128          128          128
    Mean local rows:                           1239         1239         1239
    Mean local columns + ghosts:               1376         1376         1376
    Mean local entries:                        6488         6488         6488
    Rows imbalance:                           2.455        2.455        2.455
    Columns + ghosts imbalance:               1.943        1.943        1.943
    entries imbalance                         1.829        1.829        1.829
    Iterations for solving:                     430            6          500
                                                           calls         time
  Grid level 0:
    build:                                                    13        0.898
    descent smoothe:                                        1408      117.716
    restrict:                                                672        2.946
    prolong:                                                 672        6.239
  Grid level 1:
    build:                                                    13        6.197
    descent smoothe:                                         672       18.292
    ascent smoothe:                                          672       12.222
    restrict:                                                672        0.681
    prolong:                                                 672        1.656
  Grid level 2:
    build:                                                    13        2.367
    descent smoothe:                                         672        6.398
    ascent smoothe:                                          672        4.428
    restrict:                                                672        0.109
    prolong:                                                 672        0.298
  Grid level 3:
    build:                                                    13        1.024
    descent smoothe:                                         672        2.153
    ascent smoothe:                                          672        1.545
    restrict:                                                672        0.039
    prolong:                                                 672        0.053
  Grid level 4:
    build:                                                    13        0.320
    descent smoothe:                                         672        0.937
    ascent smoothe:                                          672        0.346
    restrict:                                                672        0.012
    prolong:                                                 672        0.007
  Grid level 5:
    build:                                                    13        0.113
    descent smoothe:                                         672        0.395
    ascent smoothe:                                          672        0.153
    restrict:                                                672        0.007
    prolong:                                                 672        0.004
  Grid level 6:
    build:                                                    13        0.048
    descent smoothe:                                         672        0.164
    ascent smoothe:                                          672        0.060
    restrict:                                                672        0.005
    prolong:                                                 672        0.002
  Grid level 7:
    build:                                                    13        0.027
    descent smoothe:                                         672        0.083
    ascent smoothe:                                          672        0.028
    restrict:                                                672        0.004
    prolong:                                                 672        0.002
  Grid level 8:
    build:                                                    13        0.044
    solve:                                                   672       13.367

Summary of resolutions for "k" (field id 2)

  Solver type:                   Symmetric Gauss-Seidel
  Number of setups:                        13
  Number of calls:                         13
  Minimum number of iterations:             3
  Maximum number of iterations:            62
  Mean number of iterations:               21
  Total setup time:                     0.094
  Total solution time:                 14.819

Summary of resolutions for "omega" (field id 3)

  Solver type:                   Symmetric Gauss-Seidel
  Number of setups:                        13
  Number of calls:                         13
  Minimum number of iterations:             2
  Maximum number of iterations:            48
  Mean number of iterations:                9
  Total setup time:                     0.094
  Total solution time:                  6.662

Summary of resolutions for "Wall distance" (field id 18)

  Solver type:                   Flexible Conjugate Gradient
  Preconditioning:               Multigrid
  Number of setups:                         1
  Number of calls:                          2
  Minimum number of iterations:             9
  Maximum number of iterations:            15
  Mean number of iterations:               12
  Total setup time:                     0.967
  Total solution time:                 19.584

  Multigrid:
    V-cycle
    Coarsening: default
    Smoother: Symmetric Gauss-Seidel
    Coarsest level solver:       Conjugate Gradient

                                               mean      minimum      maximum
  Number of levels:                               5            5            5
  Number of cycles:                               1            1            2

                                                           calls         time
  Construction:                                                1        1.832
  Resolution:                                                 26       18.084

                                               mean      minimum      maximum
  Grid level 0:
    Number of rows:                        68319404     68319404     68319404
    Number of active ranks:                     128          128          128
    Mean local rows:                         531483       531483       531483
    Mean local columns + ghosts:             546824       546824       546824
    Mean local entries:                     3725610      3725610      3725610
    Rows imbalance:                           0.026        0.026        0.026
    Columns + ghosts imbalance:               0.051        0.051        0.051
    entries imbalance                         0.029        0.029        0.029
    Descent smoother iterations:                  1            1            1
  Grid level 1:
    Number of rows:                        22901081     22901081     22901081
    Number of active ranks:                     128          128          128
    Mean local rows:                         178980       178980       178980
    Mean local columns + ghosts:             185093       185093       185093
    Mean local entries:                     1398779      1398779      1398779
    Rows imbalance:                           0.059        0.059        0.059
    Columns + ghosts imbalance:               0.105        0.105        0.105
    entries imbalance                         0.171        0.171        0.171
    Descent smoother iterations:                  1            1            1
    Ascent smoother iterations:                   1            1            1
  Grid level 2:
    Number of rows:                         7616589      7616589      7616589
    Number of active ranks:                     128          128          128
    Mean local rows:                          59518        59518        59518
    Mean local columns + ghosts:              62224        62224        62224
    Mean local entries:                      523410       523410       523410
    Rows imbalance:                           0.071        0.071        0.071
    Columns + ghosts imbalance:               0.114        0.114        0.114
    entries imbalance                         0.356        0.356        0.356
    Descent smoother iterations:                  1            1            1
    Ascent smoother iterations:                   1            1            1
  Grid level 3:
    Number of rows:                         4540260      4540260      4540260
    Number of active ranks:                     128          128          128
    Mean local rows:                          40294        40294        40294
    Mean local columns + ghosts:              42031        42031        42031
    Mean local entries:                      342820       342820       342820
    Rows imbalance:                           0.186        0.186        0.186
    Columns + ghosts imbalance:               0.160        0.160        0.160
    entries imbalance                         0.195        0.195        0.195
    Descent smoother iterations:                  1            1            1
    Ascent smoother iterations:                   1            1            1
  Grid level 4:
    Number of rows:                         3532785      3532785      3532785
    Number of active ranks:                     128          128          128
    Mean local rows:                          34152        34152        34152
    Mean local columns + ghosts:              35464        35464        35464
    Mean local entries:                      267850       267850       267850
    Rows imbalance:                           0.321        0.321        0.321
    Columns + ghosts imbalance:               0.298        0.298        0.298
    entries imbalance                         0.321        0.321        0.321
    Iterations for solving:                     370           23          500
                                                           calls         time
  Grid level 0:
    build:                                                     1        0.009
    descent smoothe:                                          48        3.996
    restrict:                                                 22        0.094
    prolong:                                                  22        0.197
  Grid level 1:
    build:                                                     1        0.481
    descent smoothe:                                          22        0.600
    ascent smoothe:                                           22        0.392
    restrict:                                                 22        0.022
    prolong:                                                  22        0.055
  Grid level 2:
    build:                                                     1        0.181
    descent smoothe:                                          22        0.209
    ascent smoothe:                                           22        0.128
    restrict:                                                 22        0.005
    prolong:                                                  22        0.011
  Grid level 3:
    build:                                                     1        0.086
    descent smoothe:                                          22        0.121
    ascent smoothe:                                           22        0.087
    restrict:                                                 22        0.003
    prolong:                                                  22        0.008
  Grid level 4:
    build:                                                     1        0.104
    solve:                                                    22       12.155

--------------------------------------------------------------------------------

Total elapsed time for controller:  0.000 s

Mesh entity selections by criteria statistics:

  entity type     evaluations          time
  -----------------------------------------
  cells                     0       0.00000
  interior faces            0       0.00000
  boundary faces           47       0.00622

--------------------------------------------------------------------------------

Writing of "results" (EnSight Gold) summary:

  Elapsed time for meshes:                 4.830
  Elapsed time for variables:              9.740
  Elapsed time forcing output:             0.000

Writing of "" (plot) summary:

  Elapsed time for meshes:                 0.000
  Elapsed time for variables:              0.005
  Elapsed time forcing output:             0.003

--------------------------------------------------------------------------------

All-to-many operations: (MPI_Alltoall and MPI_Alltoallv):

                             mean        minimum      maximum     calls
  Total:                 78.15623 s     30.04783     89.02236 s   329
  Metadata exchange:     59.12702 s      8.88375     67.81975 s   133
  Data exchange:         10.70217 s      7.17490     12.58279 s   195

--------------------------------------------------------------------------------

code_saturne IO files read:

  mesh_input.csm
    global:      0.15809 s,        2.014 KiB
    local:       3.70215 s,       11.919 GiB
    open:        3.73348 s, 2 open(s)

code_saturne IO files written:

  checkpoint/auxiliary.csc
    global:      2.36103 s,        5.609 KiB
    local:       7.20724 s,        5.176 GiB
    open:        7.93597 s, 1 open(s)
  checkpoint/main.csc
    global:      0.73787 s,        3.307 KiB
    local:       4.88546 s,        3.563 GiB
    open:        5.27552 s, 1 open(s)
  mesh_output.csm
    global:      8.88718 s,        2.625 KiB
    local:      18.67911 s,       13.507 GiB
    open:       20.15028 s, 1 open(s)
  partition_output/domain_number_128
    global:      0.39261 s,        0.500 KiB
    local:       0.40567 s,      260.618 MiB
    open:        0.41008 s, 1 open(s)

--------------------------------------------------------------------------------

Calculation time summary:

  User CPU time:            629.724 s
  System CPU time:           38.706 s
  Total CPU time:         88814.270 s

  Elapsed time:             699.568 s
  CPU / elapsed time          0.955

--------------------------------------------------------------------------------

Memory use summary:

  Total memory used:                             201.671 GiB
                             local minimum:        1.423 GiB  (rank 31)
                             local maximum:       11.219 GiB  (rank 0)
  Virtual memory used:                     
                             local minimum:        1.852 GiB  (rank 9)
                             local maximum:       12.621 GiB  (rank 0)
  Shared libraries memory used:            
                             local minimum:       37.219 MiB  (rank 1)
                             local maximum:       37.852 MiB  (rank 32)

--------------------------------------------------------------------------------
