
Local case configuration:

  Date:                Sat 02 Sep 2023 02:43:37 AM -03
  System:              Linux 4.18.0-372.9.1.el8.x86_64 (‹´ý)
  Machine:             n-33
  Processor:           model name	: Intel(R) Xeon(R) Gold 6226R CPU @ 2.90GHz
  Memory:              64062 MB
  Directory:           /home/finzeo/Tesis/Simulaciones/GTS_Storms/02_Refined_case/RESU/r05_m4_UpwindRestart
  MPI ranks:           128
  MPI ranks per node:  32
  OpenMP threads:      1
  Processors/node:     1

  Compilers used for build:
    C compiler:        gcc (GCC) 10.3.0
    C++ compiler:      g++ (GCC) 10.3.0
    Fortran compiler:  GNU Fortran (GCC) 10.3.0

  MPI version: 3.1 (Open MPI 4.1.1)
  OpenMP version: 4.5

  External libraries:
    METIS
    PT-SCOTCH 6.1.2

  I/O read method:     collective MPI-IO (explicit offsets)
  I/O write method:    collective MPI-IO (explicit offsets)
  I/O rank step:        4

--------------------------------------------------------------------------------

Partitioning:

  preparing graph:            9.57 s
  METIS_PartGraphKway:        36.5 s
  wall clock time:            48 s

--------------------------------------------------------------------------------

Halo creation times summary

  Interface creation:                        0.644 s
  Halo creation:                             0.235 s

  Total time for halo creation:              0.879 s

--------------------------------------------------------------------------------

Total elapsed time for all gradient computations:  1516.063 s

Summary of gradient computations for "[cell mass flux divergence update]":

  Reconstruction type:   Green-Gauss, least-squares gradient face values
  Number of calls:       1000
  Total elapsed time:    267.897

Summary of gradient computations for "[face mass flux update]":

  Reconstruction type:   Green-Gauss, least-squares gradient face values
  Number of calls:       400
  Total elapsed time:    107.780

Summary of gradient computations for "[momentum]":

  Reconstruction type:   Green-Gauss, least-squares gradient face values
  Number of calls:       200
  Total elapsed time:    90.732

Summary of gradient computations for "[scalar convection-diffusion]":

  Reconstruction type:   Green-Gauss, least-squares gradient face values
  Number of calls:       2
  Total elapsed time:    0.407

Summary of gradient computations for "k":

  Reconstruction type:   Green-Gauss, least-squares gradient face values
  Number of calls:       800
  Total elapsed time:    165.500

Summary of gradient computations for "omega":

  Reconstruction type:   Green-Gauss, least-squares gradient face values
  Number of calls:       600
  Total elapsed time:    123.292

Summary of gradient computations for "pressure":

  Reconstruction type:   Green-Gauss, least-squares gradient face values
  Number of calls:       800
  Total elapsed time:    218.372

Summary of gradient computations for "pressure_increment":

  Reconstruction type:   Green-Gauss, least-squares gradient face values
  Number of calls:       200
  Total elapsed time:    54.427

Summary of gradient computations for "velocity":

  Reconstruction type:   Green-Gauss, least-squares gradient face values
  Number of calls:       1000
  Total elapsed time:    445.349

Summary of gradient computations for "wall_distance":

  Reconstruction type:   Green-Gauss, least-squares gradient face values
  Number of calls:       205
  Total elapsed time:    42.307

--------------------------------------------------------------------------------

Total elapsed time for linear equation system solvers:  2363.307 s

Linear solver performance for fields
------------------------------------

Summary of resolutions for "Velocity" (field id 0)

  Solver type:                   Symmetric Gauss-Seidel
  Number of setups:                       200
  Number of calls:                        200
  Minimum number of iterations:             9
  Maximum number of iterations:           100
  Mean number of iterations:               15
  Total setup time:                    11.021
  Total solution time:                349.791

  Backup solver type:            GMRES
  Number of calls:                          1
  Minimum number of iterations:           100
  Maximum number of iterations:           100
  Mean number of iterations:              100
  Total solution time:                 41.081

Summary of resolutions for "Pressure" (field id 1)

  Solver type:                   Flexible Conjugate Gradient
  Preconditioning:               Multigrid
  Number of setups:                       200
  Number of calls:                        400
  Minimum number of iterations:             6
  Maximum number of iterations:            53
  Mean number of iterations:               13
  Total setup time:                   159.104
  Total solution time:               1626.342

  Multigrid:
    V-cycle
    Coarsening: default
    Smoother: Symmetric Gauss-Seidel
    Coarsest level solver:       Conjugate Gradient

                                               mean      minimum      maximum
  Number of levels:                               9            9            9
  Number of cycles:                               1            1            2

                                                           calls         time
  Construction:                                              200      303.746
  Resolution:                                               5807     1326.465

                                               mean      minimum      maximum
  Grid level 0:
    Number of rows:                        64446081     64446081     64446081
    Number of active ranks:                     128          128          128
    Mean local rows:                         503019       503019       503019
    Mean local columns + ghosts:             516713       516713       516713
    Mean local entries:                     3520606      3520606      3520606
    Rows imbalance:                           0.030        0.030        0.030
    Columns + ghosts imbalance:               0.053        0.053        0.053
    entries imbalance                         0.033        0.033        0.033
    Descent smoother iterations:                  1            1            1
  Grid level 1:
    Number of rows:                        21566328     21566328     21566328
    Number of active ranks:                     128          128          128
    Mean local rows:                         170047       170047       170047
    Mean local columns + ghosts:             175527       175527       175527
    Mean local entries:                     1226670      1226670      1226670
    Rows imbalance:                           0.026        0.026        0.026
    Columns + ghosts imbalance:               0.067        0.067        0.067
    entries imbalance                         0.183        0.183        0.183
    Descent smoother iterations:                  1            1            1
    Ascent smoother iterations:                   1            1            1
  Grid level 2:
    Number of rows:                         7158625      7158625      7158625
    Number of active ranks:                     128          128          128
    Mean local rows:                          56541        56541        56541
    Mean local columns + ghosts:              58980        58980        58980
    Mean local entries:                      447397       447397       447397
    Rows imbalance:                           0.030        0.030        0.030
    Columns + ghosts imbalance:               0.081        0.081        0.081
    entries imbalance                         0.421        0.421        0.421
    Descent smoother iterations:                  1            1            1
    Ascent smoother iterations:                   1            1            1
  Grid level 3:
    Number of rows:                         2241409      2241409      2241409
    Number of active ranks:                     128          128          128
    Mean local rows:                          17011        17011        17011
    Mean local columns + ghosts:              18198        18198        18198
    Mean local entries:                      180510       180510       180510
    Rows imbalance:                           0.278        0.278        0.278
    Columns + ghosts imbalance:               0.306        0.306        0.306
    entries imbalance                         0.398        0.398        0.398
    Descent smoother iterations:                  1            1            1
    Ascent smoother iterations:                   1            1            1
  Grid level 4:
    Number of rows:                          815631       815631       815631
    Number of active ranks:                     128          128          128
    Mean local rows:                           6227         6227         6227
    Mean local columns + ghosts:               6866         6866         6866
    Mean local entries:                       69614        69614        69614
    Rows imbalance:                           0.277        0.277        0.277
    Columns + ghosts imbalance:               0.253        0.253        0.253
    entries imbalance                         0.352        0.352        0.352
    Descent smoother iterations:                  1            1            1
    Ascent smoother iterations:                   1            1            1
  Grid level 5:
    Number of rows:                          341588       341588       341588
    Number of active ranks:                     128          128          128
    Mean local rows:                           2688         2688         2688
    Mean local columns + ghosts:               3087         3087         3087
    Mean local entries:                       28225        28225        28225
    Rows imbalance:                           0.624        0.624        0.624
    Columns + ghosts imbalance:               0.481        0.481        0.481
    entries imbalance                         0.284        0.284        0.284
    Descent smoother iterations:                  1            1            1
    Ascent smoother iterations:                   1            1            1
  Grid level 6:
    Number of rows:                          171001       171001       171001
    Number of active ranks:                     128          128          128
    Mean local rows:                           1341         1341         1341
    Mean local columns + ghosts:               1609         1609         1609
    Mean local entries:                       12028        12028        12028
    Rows imbalance:                           1.140        1.140        1.140
    Columns + ghosts imbalance:               0.875        0.875        0.875
    entries imbalance                         0.557        0.557        0.557
    Descent smoother iterations:                  1            1            1
    Ascent smoother iterations:                   1            1            1
  Grid level 7:
    Number of rows:                          108839       108839       108839
    Number of active ranks:                     128          128          128
    Mean local rows:                            836          836          836
    Mean local columns + ghosts:               1034         1034         1034
    Mean local entries:                        6006         6006         6006
    Rows imbalance:                           1.708        1.708        1.708
    Columns + ghosts imbalance:               1.334        1.334        1.334
    entries imbalance                         1.044        1.044        1.044
    Descent smoother iterations:                  1            1            1
    Ascent smoother iterations:                   1            1            1
  Grid level 8:
    Number of rows:                           86072        86072        86072
    Number of active ranks:                     128          128          128
    Mean local rows:                            642          642          642
    Mean local columns + ghosts:                796          796          796
    Mean local entries:                        3683         3683         3683
    Rows imbalance:                           2.130        2.130        2.130
    Columns + ghosts imbalance:               1.712        1.712        1.712
    entries imbalance                         1.554        1.554        1.554
    Iterations for solving:                     393            8          500
                                                           calls         time
  Grid level 0:
    build:                                                   200       13.413
    descent smoothe:                                       10637      844.977
    restrict:                                               4830       19.367
    prolong:                                                4830       43.308
  Grid level 1:
    build:                                                   200       86.716
    descent smoothe:                                        4830      122.321
    ascent smoothe:                                         4830       82.130
    restrict:                                               4830        6.661
    prolong:                                                4830       10.519
  Grid level 2:
    build:                                                   200       33.713
    descent smoothe:                                        4830       39.078
    ascent smoothe:                                         4830       29.575
    restrict:                                               4830        1.037
    prolong:                                                4830        2.063
  Grid level 3:
    build:                                                   200       13.866
    descent smoothe:                                        4830       19.326
    ascent smoothe:                                         4830       10.412
    restrict:                                               4830        0.231
    prolong:                                                4830        0.321
  Grid level 4:
    build:                                                   200        4.631
    descent smoothe:                                        4830        6.500
    ascent smoothe:                                         4830        2.121
    restrict:                                               4830        0.072
    prolong:                                                4830        0.057
  Grid level 5:
    build:                                                   200        1.626
    descent smoothe:                                        4830        1.864
    ascent smoothe:                                         4830        0.929
    restrict:                                               4830        0.038
    prolong:                                                4830        0.021
  Grid level 6:
    build:                                                   200        0.657
    descent smoothe:                                        4830        0.751
    ascent smoothe:                                         4830        0.409
    restrict:                                               4830        0.024
    prolong:                                                4830        0.011
  Grid level 7:
    build:                                                   200        0.379
    descent smoothe:                                        4830        0.469
    ascent smoothe:                                         4830        0.241
    restrict:                                               4830        0.019
    prolong:                                                4830        0.012
  Grid level 8:
    build:                                                   200        0.548
    solve:                                                  4830       81.379

Summary of resolutions for "k" (field id 2)

  Solver type:                   Symmetric Gauss-Seidel
  Number of setups:                       200
  Number of calls:                        200
  Minimum number of iterations:             3
  Maximum number of iterations:            51
  Mean number of iterations:               13
  Total setup time:                     1.548
  Total solution time:                135.019

Summary of resolutions for "omega" (field id 3)

  Solver type:                   Symmetric Gauss-Seidel
  Number of setups:                       200
  Number of calls:                        200
  Minimum number of iterations:             1
  Maximum number of iterations:            48
  Mean number of iterations:                2
  Total setup time:                     1.567
  Total solution time:                 23.168

Summary of resolutions for "Wall distance" (field id 18)

  Solver type:                   Flexible Conjugate Gradient
  Preconditioning:               Multigrid
  Number of setups:                         1
  Number of calls:                          2
  Minimum number of iterations:             9
  Maximum number of iterations:            15
  Mean number of iterations:               12
  Total setup time:                     0.884
  Total solution time:                 17.524

  Multigrid:
    V-cycle
    Coarsening: default
    Smoother: Symmetric Gauss-Seidel
    Coarsest level solver:       Conjugate Gradient

                                               mean      minimum      maximum
  Number of levels:                               5            5            5
  Number of cycles:                               1            1            2

                                                           calls         time
  Construction:                                                1        1.678
  Resolution:                                                 26       16.189

                                               mean      minimum      maximum
  Grid level 0:
    Number of rows:                        64446081     64446081     64446081
    Number of active ranks:                     128          128          128
    Mean local rows:                         503019       503019       503019
    Mean local columns + ghosts:             516713       516713       516713
    Mean local entries:                     3520606      3520606      3520606
    Rows imbalance:                           0.030        0.030        0.030
    Columns + ghosts imbalance:               0.053        0.053        0.053
    entries imbalance                         0.033        0.033        0.033
    Descent smoother iterations:                  1            1            1
  Grid level 1:
    Number of rows:                        21566440     21566440     21566440
    Number of active ranks:                     128          128          128
    Mean local rows:                         170047       170047       170047
    Mean local columns + ghosts:             175527       175527       175527
    Mean local entries:                     1226670      1226670      1226670
    Rows imbalance:                           0.026        0.026        0.026
    Columns + ghosts imbalance:               0.067        0.067        0.067
    entries imbalance                         0.183        0.183        0.183
    Descent smoother iterations:                  1            1            1
    Ascent smoother iterations:                   1            1            1
  Grid level 2:
    Number of rows:                         7159032      7159032      7159032
    Number of active ranks:                     128          128          128
    Mean local rows:                          56541        56541        56541
    Mean local columns + ghosts:              58980        58980        58980
    Mean local entries:                      447397       447397       447397
    Rows imbalance:                           0.028        0.028        0.028
    Columns + ghosts imbalance:               0.080        0.080        0.080
    entries imbalance                         0.421        0.421        0.421
    Descent smoother iterations:                  1            1            1
    Ascent smoother iterations:                   1            1            1
  Grid level 3:
    Number of rows:                         4372249      4372249      4372249
    Number of active ranks:                     128          128          128
    Mean local rows:                          37990        37990        37990
    Mean local columns + ghosts:              39565        39565        39565
    Mean local entries:                      306993       306993       306993
    Rows imbalance:                           0.156        0.156        0.156
    Columns + ghosts imbalance:               0.136        0.136        0.136
    entries imbalance                         0.195        0.195        0.195
    Descent smoother iterations:                  1            1            1
    Ascent smoother iterations:                   1            1            1
  Grid level 4:
    Number of rows:                         3461455      3461455      3461455
    Number of active ranks:                     128          128          128
    Mean local rows:                          32395        32395        32395
    Mean local columns + ghosts:              33585        33585        33585
    Mean local entries:                      245159       245159       245159
    Rows imbalance:                           0.275        0.275        0.275
    Columns + ghosts imbalance:               0.260        0.260        0.260
    entries imbalance                         0.301        0.301        0.301
    Iterations for solving:                     372           47          500
                                                           calls         time
  Grid level 0:
    build:                                                     1        0.007
    descent smoothe:                                          47        3.711
    restrict:                                                 21        0.084
    prolong:                                                  21        0.189
  Grid level 1:
    build:                                                     1        0.440
    descent smoothe:                                          21        0.539
    ascent smoothe:                                           21        0.353
    restrict:                                                 21        0.024
    prolong:                                                  21        0.046
  Grid level 2:
    build:                                                     1        0.169
    descent smoothe:                                          21        0.161
    ascent smoothe:                                           21        0.107
    restrict:                                                 21        0.006
    prolong:                                                  21        0.010
  Grid level 3:
    build:                                                     1        0.081
    descent smoothe:                                          21        0.116
    ascent smoothe:                                           21        0.074
    restrict:                                                 21        0.004
    prolong:                                                  21        0.007
  Grid level 4:
    build:                                                     1        0.092
    solve:                                                    21       10.756

--------------------------------------------------------------------------------

Total elapsed time for controller:  0.003 s

Mesh entity selections by criteria statistics:

  entity type     evaluations          time
  -----------------------------------------
  cells                     0       0.00000
  interior faces            0       0.00000
  boundary faces          608       0.08397

--------------------------------------------------------------------------------

Writing of "results" (EnSight Gold) summary:

  Elapsed time for meshes:                 4.828
  Elapsed time for variables:              9.395
  Elapsed time forcing output:             0.000

Writing of "" (plot) summary:

  Elapsed time for meshes:                 0.000
  Elapsed time for variables:              0.114
  Elapsed time forcing output:             0.044

--------------------------------------------------------------------------------

All-to-many operations: (MPI_Alltoall and MPI_Alltoallv):

                             mean        minimum      maximum     calls
  Total:                 89.04844 s     33.85121    111.28843 s   527
  Metadata exchange:     68.45169 s     10.77704     87.73851 s   233
  Data exchange:         11.58164 s      8.65273     13.90537 s   293

--------------------------------------------------------------------------------

code_saturne IO files read:

  mesh_input.csm
    global:      0.14836 s,        2.014 KiB
    local:       3.53289 s,       11.252 GiB
    open:        3.61457 s, 2 open(s)

code_saturne IO files written:

  checkpoint/auxiliary.csc
    global:     10.36215 s,       22.438 KiB
    local:      27.69646 s,       19.747 GiB
    open:       30.51498 s, 4 open(s)
  checkpoint/main.csc
    global:      2.49026 s,       13.227 KiB
    local:      17.77168 s,       13.445 GiB
    open:       19.54470 s, 4 open(s)
  mesh_output.csm
    global:      7.90446 s,        2.625 KiB
    local:      17.72633 s,       12.753 GiB
    open:       19.16525 s, 1 open(s)
  partition_output/domain_number_128
    global:      0.36773 s,        0.500 KiB
    local:       0.40382 s,      245.842 MiB
    open:        0.52367 s, 1 open(s)

--------------------------------------------------------------------------------

Calculation time summary:

  User CPU time:           4654.403 s
  System CPU time:          229.339 s
  Total CPU time:        632432.028 s

  Elapsed time:            4971.525 s
  CPU / elapsed time          0.982

--------------------------------------------------------------------------------

Memory use summary:

  Total memory used:                             184.608 GiB
                             local minimum:        1.336 GiB  (rank 85)
                             local maximum:       10.574 GiB  (rank 0)
  Virtual memory used:                     
                             local minimum:        1.715 GiB  (rank 68)
                             local maximum:       11.887 GiB  (rank 0)
  Shared libraries memory used:            
                             local minimum:       37.258 MiB  (rank 1)
                             local maximum:       37.852 MiB  (rank 0)

--------------------------------------------------------------------------------
