
Local case configuration:

  Date:                Fri 15 Sep 2023 01:17:04 AM -03
  System:              Linux 4.18.0-372.9.1.el8.x86_64 (Ô„ÿ)
  Machine:             n-4
  Processor:           model name	: Intel(R) Xeon(R) Gold 6226R CPU @ 2.90GHz
  Memory:              64062 MB
  Directory:           /home/finzeo/Tesis/Simulaciones/GTS_Storms/02_Refined_case/RESU/r10_m5_SOLU051
  MPI ranks:           128
  MPI ranks per node:  32
  OpenMP threads:      1
  Processors/node:     1

  Compilers used for build:
    C compiler:        gcc (GCC) 10.3.0
    C++ compiler:      g++ (GCC) 10.3.0
    Fortran compiler:  GNU Fortran (GCC) 10.3.0

  MPI version: 3.1 (Open MPI 4.1.1)
  OpenMP version: 4.5

  External libraries:
    METIS
    PT-SCOTCH 6.1.2

  I/O read method:     collective MPI-IO (explicit offsets)
  I/O write method:    collective MPI-IO (explicit offsets)
  I/O rank step:        4

--------------------------------------------------------------------------------

Partitioning:

  preparing graph:            11.3 s
  METIS_PartGraphKway:        37.2 s
  wall clock time:            50.3 s

--------------------------------------------------------------------------------

Halo creation times summary

  Interface creation:                        0.791 s
  Halo creation:                             0.239 s

  Total time for halo creation:              1.03 s

--------------------------------------------------------------------------------

Total elapsed time for all gradient computations:  115.570 s

Summary of gradient computations for "[cell mass flux divergence update]":

  Reconstruction type:   Green-Gauss, least-squares gradient face values
  Number of calls:       75
  Total elapsed time:    20.385

Summary of gradient computations for "[face mass flux update]":

  Reconstruction type:   Green-Gauss, least-squares gradient face values
  Number of calls:       30
  Total elapsed time:    7.801

Summary of gradient computations for "[momentum]":

  Reconstruction type:   Green-Gauss, least-squares gradient face values
  Number of calls:       15
  Total elapsed time:    6.818

Summary of gradient computations for "[scalar convection-diffusion]":

  Reconstruction type:   Green-Gauss, least-squares gradient face values
  Number of calls:       2
  Total elapsed time:    0.408

Summary of gradient computations for "k":

  Reconstruction type:   Green-Gauss, least-squares gradient face values
  Number of calls:       60
  Total elapsed time:    12.348

Summary of gradient computations for "omega":

  Reconstruction type:   Green-Gauss, least-squares gradient face values
  Number of calls:       45
  Total elapsed time:    9.225

Summary of gradient computations for "pressure":

  Reconstruction type:   Green-Gauss, least-squares gradient face values
  Number of calls:       60
  Total elapsed time:    16.638

Summary of gradient computations for "pressure_increment":

  Reconstruction type:   Green-Gauss, least-squares gradient face values
  Number of calls:       15
  Total elapsed time:    4.151

Summary of gradient computations for "velocity":

  Reconstruction type:   Green-Gauss, least-squares gradient face values
  Number of calls:       75
  Total elapsed time:    33.654

Summary of gradient computations for "wall_distance":

  Reconstruction type:   Green-Gauss, least-squares gradient face values
  Number of calls:       20
  Total elapsed time:    4.140

--------------------------------------------------------------------------------

Total elapsed time for linear equation system solvers:  386.506 s

Linear solver performance for fields
------------------------------------

Summary of resolutions for "Velocity" (field id 0)

  Solver type:                   Symmetric Gauss-Seidel
  Number of setups:                        15
  Number of calls:                         15
  Minimum number of iterations:            11
  Maximum number of iterations:           100
  Mean number of iterations:               22
  Total setup time:                     0.865
  Total solution time:                 40.540

  Backup solver type:            GMRES
  Number of calls:                          1
  Minimum number of iterations:           119
  Maximum number of iterations:           119
  Mean number of iterations:              119
  Total solution time:                 50.299

Summary of resolutions for "Pressure" (field id 1)

  Solver type:                   Flexible Conjugate Gradient
  Preconditioning:               Multigrid
  Number of setups:                        15
  Number of calls:                         30
  Minimum number of iterations:            12
  Maximum number of iterations:            46
  Mean number of iterations:               23
  Total setup time:                    13.353
  Total solution time:                244.409

  Multigrid:
    V-cycle
    Coarsening: default
    Smoother: Symmetric Gauss-Seidel
    Coarsest level solver:       Conjugate Gradient

                                               mean      minimum      maximum
  Number of levels:                               9            9            9
  Number of cycles:                               1            1            2

                                                           calls         time
  Construction:                                               15       25.479
  Resolution:                                                725      201.310

                                               mean      minimum      maximum
  Grid level 0:
    Number of rows:                        65694028     65694028     65694028
    Number of active ranks:                     128          128          128
    Mean local rows:                         511022       511022       511022
    Mean local columns + ghosts:             537360       537360       537360
    Mean local entries:                     3574768      3574768      3574768
    Rows imbalance:                           0.012        0.012        0.012
    Columns + ghosts imbalance:               0.037        0.037        0.037
    entries imbalance                         0.017        0.017        0.017
    Descent smoother iterations:                  1            1            1
  Grid level 1:
    Number of rows:                        21981762     21981762     21981762
    Number of active ranks:                     128          128          128
    Mean local rows:                         173521       173521       173521
    Mean local columns + ghosts:             187398       187398       187398
    Mean local entries:                     1271967      1271967      1271967
    Rows imbalance:                           0.054        0.054        0.054
    Columns + ghosts imbalance:               0.090        0.090        0.090
    entries imbalance                         0.301        0.301        0.301
    Descent smoother iterations:                  1            1            1
    Ascent smoother iterations:                   1            1            1
  Grid level 2:
    Number of rows:                         7303819      7303819      7303819
    Number of active ranks:                     128          128          128
    Mean local rows:                          59534        59534        59534
    Mean local columns + ghosts:              65372        65372        65372
    Mean local entries:                      526797       526797       526797
    Rows imbalance:                           0.093        0.093        0.093
    Columns + ghosts imbalance:               0.142        0.142        0.142
    entries imbalance                         0.439        0.439        0.439
    Descent smoother iterations:                  1            1            1
    Ascent smoother iterations:                   1            1            1
  Grid level 3:
    Number of rows:                         2246651      2246651      2246651
    Number of active ranks:                     128          128          128
    Mean local rows:                          20999        20999        20999
    Mean local columns + ghosts:              23677        23677        23677
    Mean local entries:                      218075       218075       218075
    Rows imbalance:                           0.328        0.328        0.328
    Columns + ghosts imbalance:               0.376        0.376        0.376
    entries imbalance                         0.405        0.405        0.405
    Descent smoother iterations:                  1            1            1
    Ascent smoother iterations:                   1            1            1
  Grid level 4:
    Number of rows:                          817279       817279       817279
    Number of active ranks:                     128          128          128
    Mean local rows:                           6769         6769         6769
    Mean local columns + ghosts:               8133         8133         8133
    Mean local entries:                       85316        85316        85316
    Rows imbalance:                           0.401        0.401        0.401
    Columns + ghosts imbalance:               0.326        0.326        0.326
    entries imbalance                         0.351        0.351        0.351
    Descent smoother iterations:                  1            1            1
    Ascent smoother iterations:                   1            1            1
  Grid level 5:
    Number of rows:                          338310       338310       338310
    Number of active ranks:                     128          128          128
    Mean local rows:                           2449         2449         2449
    Mean local columns + ghosts:               3213         3213         3213
    Mean local entries:                       31905        31905        31905
    Rows imbalance:                           0.922        0.922        0.922
    Columns + ghosts imbalance:               0.757        0.757        0.757
    entries imbalance                         0.425        0.425        0.425
    Descent smoother iterations:                  1            1            1
    Ascent smoother iterations:                   1            1            1
  Grid level 6:
    Number of rows:                          166490       166490       166490
    Number of active ranks:                     128          128          128
    Mean local rows:                            990          990          990
    Mean local columns + ghosts:               1456         1456         1456
    Mean local entries:                       12105        12105        12105
    Rows imbalance:                           1.747        1.747        1.747
    Columns + ghosts imbalance:               1.416        1.416        1.416
    entries imbalance                         0.959        0.959        0.959
    Descent smoother iterations:                  1            1            1
    Ascent smoother iterations:                   1            1            1
  Grid level 7:
    Number of rows:                          104392       104392       104392
    Number of active ranks:                     128          128          128
    Mean local rows:                            513          513          513
    Mean local columns + ghosts:                816          816          816
    Mean local entries:                        5077         5077         5077
    Rows imbalance:                           2.647        2.647        2.647
    Columns + ghosts imbalance:               2.153        2.153        2.153
    entries imbalance                         1.811        1.811        1.811
    Descent smoother iterations:                  1            1            1
    Ascent smoother iterations:                   1            1            1
  Grid level 8:
    Number of rows:                           81764        81764        81764
    Number of active ranks:                     128          128          128
    Mean local rows:                            359          359          359
    Mean local columns + ghosts:                584          584          584
    Mean local entries:                        2641         2641         2641
    Rows imbalance:                           3.283        3.283        3.283
    Columns + ghosts imbalance:               2.745        2.745        2.745
    entries imbalance                         2.817        2.817        2.817
    Iterations for solving:                     457           10          500
                                                           calls         time
  Grid level 0:
    build:                                                    15        1.178
    descent smoothe:                                        1377      113.281
    restrict:                                                652        2.708
    prolong:                                                 652        3.065
  Grid level 1:
    build:                                                    15        6.859
    descent smoothe:                                         652       17.303
    ascent smoothe:                                          652       14.291
    restrict:                                                652        0.369
    prolong:                                                 652        0.779
  Grid level 2:
    build:                                                    15        3.035
    descent smoothe:                                         652        8.509
    ascent smoothe:                                          652        4.724
    restrict:                                                652        0.078
    prolong:                                                 652        0.139
  Grid level 3:
    build:                                                    15        1.253
    descent smoothe:                                         652        3.975
    ascent smoothe:                                          652        1.534
    restrict:                                                652        0.027
    prolong:                                                 652        0.053
  Grid level 4:
    build:                                                    15        0.394
    descent smoothe:                                         652        1.121
    ascent smoothe:                                          652        0.350
    restrict:                                                652        0.010
    prolong:                                                 652        0.007
  Grid level 5:
    build:                                                    15        0.139
    descent smoothe:                                         652        0.281
    ascent smoothe:                                          652        0.133
    restrict:                                                652        0.005
    prolong:                                                 652        0.003
  Grid level 6:
    build:                                                    15        0.061
    descent smoothe:                                         652        0.104
    ascent smoothe:                                          652        0.053
    restrict:                                                652        0.003
    prolong:                                                 652        0.001
  Grid level 7:
    build:                                                    15        0.043
    descent smoothe:                                         652        0.054
    ascent smoothe:                                          652        0.036
    restrict:                                                652        0.002
    prolong:                                                 652        0.001
  Grid level 8:
    build:                                                    15        0.056
    solve:                                                   652       28.282

Summary of resolutions for "k" (field id 2)

  Solver type:                   Symmetric Gauss-Seidel
  Number of setups:                        15
  Number of calls:                         15
  Minimum number of iterations:             3
  Maximum number of iterations:            97
  Mean number of iterations:               15
  Total setup time:                     0.104
  Total solution time:                 12.330

Summary of resolutions for "omega" (field id 3)

  Solver type:                   Symmetric Gauss-Seidel
  Number of setups:                        15
  Number of calls:                         15
  Minimum number of iterations:             3
  Maximum number of iterations:            54
  Mean number of iterations:                8
  Total setup time:                     0.104
  Total solution time:                  6.312

Summary of resolutions for "Wall distance" (field id 18)

  Solver type:                   Flexible Conjugate Gradient
  Preconditioning:               Multigrid
  Number of setups:                         1
  Number of calls:                          2
  Minimum number of iterations:            10
  Maximum number of iterations:            16
  Mean number of iterations:               13
  Total setup time:                     0.990
  Total solution time:                 17.467

  Multigrid:
    V-cycle
    Coarsening: default
    Smoother: Symmetric Gauss-Seidel
    Coarsest level solver:       Conjugate Gradient

                                               mean      minimum      maximum
  Number of levels:                               5            5            5
  Number of cycles:                               1            1            2

                                                           calls         time
  Construction:                                                1        1.872
  Resolution:                                                 28       15.811

                                               mean      minimum      maximum
  Grid level 0:
    Number of rows:                        65694028     65694028     65694028
    Number of active ranks:                     128          128          128
    Mean local rows:                         511022       511022       511022
    Mean local columns + ghosts:             537360       537360       537360
    Mean local entries:                     3574768      3574768      3574768
    Rows imbalance:                           0.012        0.012        0.012
    Columns + ghosts imbalance:               0.037        0.037        0.037
    entries imbalance                         0.017        0.017        0.017
    Descent smoother iterations:                  1            1            1
  Grid level 1:
    Number of rows:                        21953889     21953889     21953889
    Number of active ranks:                     128          128          128
    Mean local rows:                         173503       173503       173503
    Mean local columns + ghosts:             187379       187379       187379
    Mean local entries:                     1271725      1271725      1271725
    Rows imbalance:                           0.055        0.055        0.055
    Columns + ghosts imbalance:               0.092        0.092        0.092
    entries imbalance                         0.299        0.299        0.299
    Descent smoother iterations:                  1            1            1
    Ascent smoother iterations:                   1            1            1
  Grid level 2:
    Number of rows:                         7295919      7295919      7295919
    Number of active ranks:                     128          128          128
    Mean local rows:                          59728        59728        59728
    Mean local columns + ghosts:              65565        65565        65565
    Mean local entries:                      530178       530178       530178
    Rows imbalance:                           0.098        0.098        0.098
    Columns + ghosts imbalance:               0.147        0.147        0.147
    entries imbalance                         0.440        0.440        0.440
    Descent smoother iterations:                  1            1            1
    Ascent smoother iterations:                   1            1            1
  Grid level 3:
    Number of rows:                         4306498      4306498      4306498
    Number of active ranks:                     128          128          128
    Mean local rows:                          30492        30492        30492
    Mean local columns + ghosts:              33445        33445        33445
    Mean local entries:                      281532       281532       281532
    Rows imbalance:                           0.213        0.213        0.213
    Columns + ghosts imbalance:               0.190        0.190        0.190
    entries imbalance                         0.152        0.152        0.152
    Descent smoother iterations:                  1            1            1
    Ascent smoother iterations:                   1            1            1
  Grid level 4:
    Number of rows:                         3331720      3331720      3331720
    Number of active ranks:                     128          128          128
    Mean local rows:                          21407        21407        21407
    Mean local columns + ghosts:              23239        23239        23239
    Mean local entries:                      182847       182847       182847
    Rows imbalance:                           0.370        0.370        0.370
    Columns + ghosts imbalance:               0.350        0.350        0.350
    entries imbalance                         0.312        0.312        0.312
    Iterations for solving:                     250            0          500
                                                           calls         time
  Grid level 0:
    build:                                                     1        0.019
    descent smoothe:                                          54        4.416
    restrict:                                                 26        0.106
    prolong:                                                  26        0.133
  Grid level 1:
    build:                                                     1        0.472
    descent smoothe:                                          26        0.689
    ascent smoothe:                                           26        0.550
    restrict:                                                 26        0.015
    prolong:                                                  26        0.043
  Grid level 2:
    build:                                                     1        0.208
    descent smoothe:                                          26        0.344
    ascent smoothe:                                           26        0.184
    restrict:                                                 26        0.004
    prolong:                                                  26        0.012
  Grid level 3:
    build:                                                     1        0.086
    descent smoothe:                                          26        0.165
    ascent smoothe:                                           26        0.083
    restrict:                                                 26        0.002
    prolong:                                                  26        0.007
  Grid level 4:
    build:                                                     1        0.089
    solve:                                                    26        9.057

--------------------------------------------------------------------------------

Total elapsed time for controller:  0.001 s

Mesh entity selections by criteria statistics:

  entity type     evaluations          time
  -----------------------------------------
  cells                     0       0.00000
  interior faces            0       0.00000
  boundary faces           53       0.00658

--------------------------------------------------------------------------------

Writing of "results" (EnSight Gold) summary:

  Elapsed time for meshes:                 5.124
  Elapsed time for variables:              9.881
  Elapsed time forcing output:             0.000

Writing of "" (plot) summary:

  Elapsed time for meshes:                 0.000
  Elapsed time for variables:              0.005
  Elapsed time forcing output:             0.003

--------------------------------------------------------------------------------

All-to-many operations: (MPI_Alltoall and MPI_Alltoallv):

                             mean        minimum      maximum     calls
  Total:                 77.69983 s     29.61569     91.37551 s   329
  Metadata exchange:     56.37682 s      5.35318     66.42360 s   133
  Data exchange:         13.12252 s     10.10143     15.36916 s   195

--------------------------------------------------------------------------------

code_saturne IO files read:

  mesh_input.csm
    global:      0.15032 s,        2.014 KiB
    local:       3.70572 s,       11.468 GiB
    open:        3.73146 s, 2 open(s)

code_saturne IO files written:

  checkpoint/auxiliary.csc
    global:      2.68687 s,        5.609 KiB
    local:       7.09706 s,        5.010 GiB
    open:        8.18407 s, 1 open(s)
  checkpoint/main.csc
    global:      0.73310 s,        3.307 KiB
    local:       5.03753 s,        3.426 GiB
    open:        5.69799 s, 1 open(s)
  mesh_output.csm
    global:      9.21238 s,        2.625 KiB
    local:      19.60592 s,       12.997 GiB
    open:       21.14245 s, 1 open(s)
  partition_output/domain_number_128
    global:      0.16374 s,        0.500 KiB
    local:       0.38801 s,      250.603 MiB
    open:        0.41643 s, 1 open(s)

--------------------------------------------------------------------------------

Calculation time summary:

  User CPU time:            635.483 s
  System CPU time:           39.880 s
  Total CPU time:         90230.907 s

  Elapsed time:             710.862 s
  CPU / elapsed time          0.950

--------------------------------------------------------------------------------

Memory use summary:

  Total memory used:                             190.021 GiB
                             local minimum:        1.372 GiB  (rank 24)
                             local maximum:       10.780 GiB  (rank 0)
  Virtual memory used:                     
                             local minimum:        1.775 GiB  (rank 118)
                             local maximum:       12.162 GiB  (rank 0)
  Shared libraries memory used:            
                             local minimum:       37.219 MiB  (rank 1)
                             local maximum:       37.852 MiB  (rank 32)

--------------------------------------------------------------------------------
