
Local case configuration:

  Date:                Sun 10 Sep 2023 08:52:21 PM -03
  System:              Linux 4.18.0-372.9.1.el8.x86_64 (uŠü)
  Machine:             n-23
  Processor:           model name	: Intel(R) Xeon(R) Gold 6226R CPU @ 2.90GHz
  Memory:              64062 MB
  Directory:           /home/finzeo/Tesis/Simulaciones/GTS_Storms/02_Refined_case/RESU/r08_m42_SOLU09
  MPI ranks:           128
  MPI ranks per node:  32
  OpenMP threads:      1
  Processors/node:     1

  Compilers used for build:
    C compiler:        gcc (GCC) 10.3.0
    C++ compiler:      g++ (GCC) 10.3.0
    Fortran compiler:  GNU Fortran (GCC) 10.3.0

  MPI version: 3.1 (Open MPI 4.1.1)
  OpenMP version: 4.5

  External libraries:
    METIS
    PT-SCOTCH 6.1.2

  I/O read method:     collective MPI-IO (explicit offsets)
  I/O write method:    collective MPI-IO (explicit offsets)
  I/O rank step:        4

--------------------------------------------------------------------------------

Partitioning:

  preparing graph:            10.4 s
  METIS_PartGraphKway:        39.7 s
  wall clock time:            52 s

--------------------------------------------------------------------------------

Halo creation times summary

  Interface creation:                        0.651 s
  Halo creation:                             0.242 s

  Total time for halo creation:              0.893 s

--------------------------------------------------------------------------------

Total elapsed time for all gradient computations:  83.365 s

Summary of gradient computations for "[cell mass flux divergence update]":

  Reconstruction type:   Green-Gauss, least-squares gradient face values
  Number of calls:       50
  Total elapsed time:    14.462

Summary of gradient computations for "[face mass flux update]":

  Reconstruction type:   Green-Gauss, least-squares gradient face values
  Number of calls:       20
  Total elapsed time:    5.812

Summary of gradient computations for "[momentum]":

  Reconstruction type:   Green-Gauss, least-squares gradient face values
  Number of calls:       10
  Total elapsed time:    4.836

Summary of gradient computations for "[scalar convection-diffusion]":

  Reconstruction type:   Green-Gauss, least-squares gradient face values
  Number of calls:       2
  Total elapsed time:    0.440

Summary of gradient computations for "k":

  Reconstruction type:   Green-Gauss, least-squares gradient face values
  Number of calls:       40
  Total elapsed time:    8.912

Summary of gradient computations for "omega":

  Reconstruction type:   Green-Gauss, least-squares gradient face values
  Number of calls:       30
  Total elapsed time:    6.660

Summary of gradient computations for "pressure":

  Reconstruction type:   Green-Gauss, least-squares gradient face values
  Number of calls:       40
  Total elapsed time:    11.818

Summary of gradient computations for "pressure_increment":

  Reconstruction type:   Green-Gauss, least-squares gradient face values
  Number of calls:       10
  Total elapsed time:    2.979

Summary of gradient computations for "velocity":

  Reconstruction type:   Green-Gauss, least-squares gradient face values
  Number of calls:       50
  Total elapsed time:    24.097

Summary of gradient computations for "wall_distance":

  Reconstruction type:   Green-Gauss, least-squares gradient face values
  Number of calls:       15
  Total elapsed time:    3.348

--------------------------------------------------------------------------------

Total elapsed time for linear equation system solvers:  347.790 s

Linear solver performance for fields
------------------------------------

Summary of resolutions for "Velocity" (field id 0)

  Solver type:                   Symmetric Gauss-Seidel
  Number of setups:                        10
  Number of calls:                         10
  Minimum number of iterations:            19
  Maximum number of iterations:           100
  Mean number of iterations:               47
  Total setup time:                     0.590
  Total solution time:                 58.179

  Backup solver type:            GMRES
  Number of calls:                          2
  Minimum number of iterations:             2
  Maximum number of iterations:           103
  Mean number of iterations:               52
  Total solution time:                 45.310

Summary of resolutions for "Pressure" (field id 1)

  Solver type:                   Flexible Conjugate Gradient
  Preconditioning:               Multigrid
  Number of setups:                        10
  Number of calls:                         20
  Minimum number of iterations:            16
  Maximum number of iterations:            59
  Mean number of iterations:               30
  Total setup time:                     8.574
  Total solution time:                194.427

  Multigrid:
    V-cycle
    Coarsening: default
    Smoother: Symmetric Gauss-Seidel
    Coarsest level solver:       Conjugate Gradient

                                               mean      minimum      maximum
  Number of levels:                               9            9            9
  Number of cycles:                               1            1            2

                                                           calls         time
  Construction:                                               10       16.405
  Resolution:                                                623      160.816

                                               mean      minimum      maximum
  Grid level 0:
    Number of rows:                        68319404     68319404     68319404
    Number of active ranks:                     128          128          128
    Mean local rows:                         531483       531483       531483
    Mean local columns + ghosts:             546824       546824       546824
    Mean local entries:                     3725610      3725610      3725610
    Rows imbalance:                           0.026        0.026        0.026
    Columns + ghosts imbalance:               0.051        0.051        0.051
    entries imbalance                         0.029        0.029        0.029
    Descent smoother iterations:                  1            1            1
  Grid level 1:
    Number of rows:                        22900913     22900913     22900913
    Number of active ranks:                     128          128          128
    Mean local rows:                         178974       178974       178974
    Mean local columns + ghosts:             185087       185087       185087
    Mean local entries:                     1398731      1398731      1398731
    Rows imbalance:                           0.059        0.059        0.059
    Columns + ghosts imbalance:               0.105        0.105        0.105
    entries imbalance                         0.171        0.171        0.171
    Descent smoother iterations:                  1            1            1
    Ascent smoother iterations:                   1            1            1
  Grid level 2:
    Number of rows:                         7616349      7616349      7616349
    Number of active ranks:                     128          128          128
    Mean local rows:                          59361        59361        59361
    Mean local columns + ghosts:              62067        62067        62067
    Mean local entries:                      522403       522403       522403
    Rows imbalance:                           0.071        0.071        0.071
    Columns + ghosts imbalance:               0.114        0.114        0.114
    entries imbalance                         0.357        0.357        0.357
    Descent smoother iterations:                  1            1            1
    Ascent smoother iterations:                   1            1            1
  Grid level 3:
    Number of rows:                         2401742      2401742      2401742
    Number of active ranks:                     128          128          128
    Mean local rows:                          18407        18407        18407
    Mean local columns + ghosts:              19741        19741        19741
    Mean local entries:                      205626       205626       205626
    Rows imbalance:                           0.311        0.311        0.311
    Columns + ghosts imbalance:               0.313        0.313        0.313
    entries imbalance                         0.334        0.334        0.334
    Descent smoother iterations:                  1            1            1
    Ascent smoother iterations:                   1            1            1
  Grid level 4:
    Number of rows:                          867625       867625       867625
    Number of active ranks:                     128          128          128
    Mean local rows:                           7325         7325         7325
    Mean local columns + ghosts:               8044         8044         8044
    Mean local entries:                       81616        81616        81616
    Rows imbalance:                           0.306        0.306        0.306
    Columns + ghosts imbalance:               0.234        0.234        0.234
    entries imbalance                         0.324        0.324        0.324
    Descent smoother iterations:                  1            1            1
    Ascent smoother iterations:                   1            1            1
  Grid level 5:
    Number of rows:                          359526       359526       359526
    Number of active ranks:                     128          128          128
    Mean local rows:                           3535         3535         3535
    Mean local columns + ghosts:               3958         3958         3958
    Mean local entries:                       34701        34701        34701
    Rows imbalance:                           0.704        0.704        0.704
    Columns + ghosts imbalance:               0.550        0.550        0.550
    entries imbalance                         0.285        0.285        0.285
    Descent smoother iterations:                  1            1            1
    Ascent smoother iterations:                   1            1            1
  Grid level 6:
    Number of rows:                          177595       177595       177595
    Number of active ranks:                     128          128          128
    Mean local rows:                           2053         2053         2053
    Mean local columns + ghosts:               2314         2314         2314
    Mean local entries:                       16400        16400        16400
    Rows imbalance:                           1.314        1.314        1.314
    Columns + ghosts imbalance:               1.013        1.013        1.013
    entries imbalance                         0.631        0.631        0.631
    Descent smoother iterations:                  1            1            1
    Ascent smoother iterations:                   1            1            1
  Grid level 7:
    Number of rows:                          111756       111756       111756
    Number of active ranks:                     128          128          128
    Mean local rows:                           1465         1465         1465
    Mean local columns + ghosts:               1645         1645         1645
    Mean local entries:                        9282         9282         9282
    Rows imbalance:                           1.991        1.991        1.991
    Columns + ghosts imbalance:               1.540        1.540        1.540
    entries imbalance                         1.213        1.213        1.213
    Descent smoother iterations:                  1            1            1
    Ascent smoother iterations:                   1            1            1
  Grid level 8:
    Number of rows:                           87904        87904        87904
    Number of active ranks:                     128          128          128
    Mean local rows:                           1239         1239         1239
    Mean local columns + ghosts:               1376         1376         1376
    Mean local entries:                        6488         6488         6488
    Rows imbalance:                           2.455        2.455        2.455
    Columns + ghosts imbalance:               1.943        1.943        1.943
    entries imbalance                         1.829        1.829        1.829
    Iterations for solving:                     431            6          500
                                                           calls         time
  Grid level 0:
    build:                                                    10        0.642
    descent smoothe:                                        1194       99.961
    restrict:                                                571        2.469
    prolong:                                                 571        5.222
  Grid level 1:
    build:                                                    10        4.760
    descent smoothe:                                         571       15.577
    ascent smoothe:                                          571       10.281
    restrict:                                                571        0.570
    prolong:                                                 571        1.443
  Grid level 2:
    build:                                                    10        1.782
    descent smoothe:                                         571        5.452
    ascent smoothe:                                          571        3.799
    restrict:                                                571        0.089
    prolong:                                                 571        0.254
  Grid level 3:
    build:                                                    10        0.729
    descent smoothe:                                         571        1.781
    ascent smoothe:                                          571        1.311
    restrict:                                                571        0.031
    prolong:                                                 571        0.047
  Grid level 4:
    build:                                                    10        0.245
    descent smoothe:                                         571        0.784
    ascent smoothe:                                          571        0.279
    restrict:                                                571        0.010
    prolong:                                                 571        0.006
  Grid level 5:
    build:                                                    10        0.087
    descent smoothe:                                         571        0.353
    ascent smoothe:                                          571        0.126
    restrict:                                                571        0.006
    prolong:                                                 571        0.003
  Grid level 6:
    build:                                                    10        0.035
    descent smoothe:                                         571        0.146
    ascent smoothe:                                          571        0.052
    restrict:                                                571        0.004
    prolong:                                                 571        0.002
  Grid level 7:
    build:                                                    10        0.020
    descent smoothe:                                         571        0.068
    ascent smoothe:                                          571        0.025
    restrict:                                                571        0.003
    prolong:                                                 571        0.002
  Grid level 8:
    build:                                                    10        0.031
    solve:                                                   571       10.632

Summary of resolutions for "k" (field id 2)

  Solver type:                   Symmetric Gauss-Seidel
  Number of setups:                        10
  Number of calls:                         10
  Minimum number of iterations:             3
  Maximum number of iterations:            87
  Mean number of iterations:               27
  Total setup time:                     0.071
  Total solution time:                 14.215

Summary of resolutions for "omega" (field id 3)

  Solver type:                   Symmetric Gauss-Seidel
  Number of setups:                        10
  Number of calls:                         10
  Minimum number of iterations:             2
  Maximum number of iterations:            48
  Mean number of iterations:               11
  Total setup time:                     0.071
  Total solution time:                  6.041

Summary of resolutions for "Wall distance" (field id 18)

  Solver type:                   Flexible Conjugate Gradient
  Preconditioning:               Multigrid
  Number of setups:                         1
  Number of calls:                          2
  Minimum number of iterations:             9
  Maximum number of iterations:            15
  Mean number of iterations:               12
  Total setup time:                     0.954
  Total solution time:                 19.519

  Multigrid:
    V-cycle
    Coarsening: default
    Smoother: Symmetric Gauss-Seidel
    Coarsest level solver:       Conjugate Gradient

                                               mean      minimum      maximum
  Number of levels:                               5            5            5
  Number of cycles:                               1            1            2

                                                           calls         time
  Construction:                                                1        1.813
  Resolution:                                                 26       18.106

                                               mean      minimum      maximum
  Grid level 0:
    Number of rows:                        68319404     68319404     68319404
    Number of active ranks:                     128          128          128
    Mean local rows:                         531483       531483       531483
    Mean local columns + ghosts:             546824       546824       546824
    Mean local entries:                     3725610      3725610      3725610
    Rows imbalance:                           0.026        0.026        0.026
    Columns + ghosts imbalance:               0.051        0.051        0.051
    entries imbalance                         0.029        0.029        0.029
    Descent smoother iterations:                  1            1            1
  Grid level 1:
    Number of rows:                        22901081     22901081     22901081
    Number of active ranks:                     128          128          128
    Mean local rows:                         178980       178980       178980
    Mean local columns + ghosts:             185093       185093       185093
    Mean local entries:                     1398779      1398779      1398779
    Rows imbalance:                           0.059        0.059        0.059
    Columns + ghosts imbalance:               0.105        0.105        0.105
    entries imbalance                         0.171        0.171        0.171
    Descent smoother iterations:                  1            1            1
    Ascent smoother iterations:                   1            1            1
  Grid level 2:
    Number of rows:                         7616589      7616589      7616589
    Number of active ranks:                     128          128          128
    Mean local rows:                          59518        59518        59518
    Mean local columns + ghosts:              62224        62224        62224
    Mean local entries:                      523410       523410       523410
    Rows imbalance:                           0.071        0.071        0.071
    Columns + ghosts imbalance:               0.114        0.114        0.114
    entries imbalance                         0.356        0.356        0.356
    Descent smoother iterations:                  1            1            1
    Ascent smoother iterations:                   1            1            1
  Grid level 3:
    Number of rows:                         4540260      4540260      4540260
    Number of active ranks:                     128          128          128
    Mean local rows:                          40294        40294        40294
    Mean local columns + ghosts:              42031        42031        42031
    Mean local entries:                      342820       342820       342820
    Rows imbalance:                           0.186        0.186        0.186
    Columns + ghosts imbalance:               0.160        0.160        0.160
    entries imbalance                         0.195        0.195        0.195
    Descent smoother iterations:                  1            1            1
    Ascent smoother iterations:                   1            1            1
  Grid level 4:
    Number of rows:                         3532785      3532785      3532785
    Number of active ranks:                     128          128          128
    Mean local rows:                          34152        34152        34152
    Mean local columns + ghosts:              35464        35464        35464
    Mean local entries:                      267850       267850       267850
    Rows imbalance:                           0.321        0.321        0.321
    Columns + ghosts imbalance:               0.298        0.298        0.298
    entries imbalance                         0.321        0.321        0.321
    Iterations for solving:                     370           23          500
                                                           calls         time
  Grid level 0:
    build:                                                     1        0.011
    descent smoothe:                                          48        3.997
    restrict:                                                 22        0.094
    prolong:                                                  22        0.200
  Grid level 1:
    build:                                                     1        0.482
    descent smoothe:                                          22        0.600
    ascent smoothe:                                           22        0.391
    restrict:                                                 22        0.019
    prolong:                                                  22        0.054
  Grid level 2:
    build:                                                     1        0.178
    descent smoothe:                                          22        0.214
    ascent smoothe:                                           22        0.128
    restrict:                                                 22        0.005
    prolong:                                                  22        0.011
  Grid level 3:
    build:                                                     1        0.086
    descent smoothe:                                          22        0.117
    ascent smoothe:                                           22        0.086
    restrict:                                                 22        0.003
    prolong:                                                  22        0.008
  Grid level 4:
    build:                                                     1        0.099
    solve:                                                    22       12.175

--------------------------------------------------------------------------------

Total elapsed time for controller:  0.000 s

Mesh entity selections by criteria statistics:

  entity type     evaluations          time
  -----------------------------------------
  cells                     0       0.00000
  interior faces            0       0.00000
  boundary faces           38       0.00511

--------------------------------------------------------------------------------

Writing of "results" (EnSight Gold) summary:

  Elapsed time for meshes:                 4.734
  Elapsed time for variables:             10.210
  Elapsed time forcing output:             0.000

Writing of "" (plot) summary:

  Elapsed time for meshes:                 0.000
  Elapsed time for variables:              0.003
  Elapsed time forcing output:             0.002

--------------------------------------------------------------------------------

All-to-many operations: (MPI_Alltoall and MPI_Alltoallv):

                             mean        minimum      maximum     calls
  Total:                 76.52127 s     25.07818     89.31373 s   329
  Metadata exchange:     58.66136 s      5.36682     68.78093 s   133
  Data exchange:          9.68189 s      5.62588     12.24074 s   195

--------------------------------------------------------------------------------

code_saturne IO files read:

  mesh_input.csm
    global:      0.15821 s,        2.014 KiB
    local:       3.70629 s,       11.919 GiB
    open:        4.04135 s, 2 open(s)

code_saturne IO files written:

  checkpoint/auxiliary.csc
    global:      2.53247 s,        5.609 KiB
    local:       6.87354 s,        5.176 GiB
    open:        7.89283 s, 1 open(s)
  checkpoint/main.csc
    global:      0.68200 s,        3.307 KiB
    local:       4.64257 s,        3.563 GiB
    open:        4.98550 s, 1 open(s)
  mesh_output.csm
    global:      8.97412 s,        2.625 KiB
    local:      19.73797 s,       13.507 GiB
    open:       21.08023 s, 1 open(s)
  partition_output/domain_number_128
    global:      0.41485 s,        0.500 KiB
    local:       0.42605 s,      260.618 MiB
    open:        0.43035 s, 1 open(s)

--------------------------------------------------------------------------------

Calculation time summary:

  User CPU time:            552.141 s
  System CPU time:           28.038 s
  Total CPU time:         78389.462 s

  Elapsed time:             617.515 s
  CPU / elapsed time          0.940

--------------------------------------------------------------------------------

Memory use summary:

  Total memory used:                             194.672 GiB
                             local minimum:        1.410 GiB  (rank 120)
                             local maximum:       11.202 GiB  (rank 0)
  Virtual memory used:                     
                             local minimum:        1.790 GiB  (rank 63)
                             local maximum:       12.571 GiB  (rank 0)
  Shared libraries memory used:            
                             local minimum:       37.258 MiB  (rank 1)
                             local maximum:       37.852 MiB  (rank 0)

--------------------------------------------------------------------------------
